[2017-03-09 13:19:12]	INFO	SwooleFramework[#0]. running. on 0.0.0.0:80
[2017-03-09 13:19:13]	INFO	WebSocket connection #1 is connected
[2017-03-09 13:19:14]	INFO	NewFrame finish. Opcode=1|Length=15
[2017-03-09 13:19:14]	INFO	[1] opcode=1
[2017-03-09 13:21:27]	INFO	NewFrame finish. Opcode=8|Length=2
[2017-03-09 13:21:27]	INFO	[1] opcode=8
[2017-03-09 13:21:27]	INFO	server close connection[1]. reason: client active close, code=1001, close_code = 1002
[2017-03-09 13:21:27]	INFO	WebSocket connection #2 is connected
[2017-03-09 13:23:20]	INFO	NewFrame finish. Opcode=8|Length=2
[2017-03-09 13:23:20]	INFO	[2] opcode=8
[2017-03-09 13:23:20]	INFO	server close connection[2]. reason: client active close, code=1001, close_code = 1002
[2017-03-09 13:23:20]	INFO	WebSocket connection #3 is connected
[2017-03-09 13:25:20]	INFO	NewFrame finish. Opcode=8|Length=2
[2017-03-09 13:25:20]	INFO	[3] opcode=8
[2017-03-09 13:25:20]	INFO	server close connection[3]. reason: client active close, code=1001, close_code = 1002
[2017-03-09 13:25:20]	INFO	WebSocket connection #4 is connected
[2017-03-09 13:27:15]	INFO	NewFrame finish. Opcode=8|Length=2
[2017-03-09 13:27:15]	INFO	[4] opcode=8
[2017-03-09 13:27:15]	INFO	server close connection[4]. reason: client active close, code=1001, close_code = 1002
[2017-03-09 13:27:16]	INFO	WebSocket connection #5 is connected
[2017-03-09 13:40:26]	INFO	SwooleFramework[#0]. running. on 0.0.0.0:80
[2017-03-09 13:40:29]	INFO	WebSocket connection #1 is connected
[2017-03-09 13:40:55]	INFO	NewFrame finish. Opcode=8|Length=2
[2017-03-09 13:40:55]	INFO	[1] opcode=8
[2017-03-09 13:40:55]	INFO	server close connection[1]. reason: client active close, code=1001, close_code = 1002
[2017-03-09 13:40:55]	INFO	WebSocket connection #2 is connected
[2017-03-09 13:42:05]	INFO	NewFrame finish. Opcode=8|Length=2
[2017-03-09 13:42:05]	INFO	[2] opcode=8
[2017-03-09 13:42:05]	INFO	server close connection[2]. reason: client active close, code=1001, close_code = 1002
[2017-03-09 13:42:06]	INFO	WebSocket connection #3 is connected
[2017-03-09 13:42:12]	INFO	NewFrame finish. Opcode=8|Length=2
[2017-03-09 13:42:12]	INFO	[3] opcode=8
[2017-03-09 13:42:12]	INFO	server close connection[3]. reason: client active close, code=1001, close_code = 1002
[2017-03-09 13:42:12]	INFO	WebSocket connection #4 is connected
[2017-03-09 13:42:16]	INFO	NewFrame finish. Opcode=8|Length=2
[2017-03-09 13:42:16]	INFO	[4] opcode=8
[2017-03-09 13:42:16]	INFO	server close connection[4]. reason: client active close, code=1001, close_code = 1002
[2017-03-09 13:42:16]	INFO	WebSocket connection #5 is connected
[2017-03-09 13:42:32]	INFO	NewFrame finish. Opcode=1|Length=74
[2017-03-09 13:42:32]	INFO	[5] opcode=1
[2017-03-09 13:43:57]	INFO	SwooleFramework[#0]. running. on 0.0.0.0:80
[2017-03-09 13:43:58]	INFO	WebSocket connection #1 is connected
[2017-03-09 13:44:00]	INFO	NewFrame finish. Opcode=1|Length=74
[2017-03-09 13:44:00]	INFO	[1] opcode=1
[2017-03-09 13:46:06]	INFO	NewFrame finish. Opcode=8|Length=2
[2017-03-09 13:46:06]	INFO	[1] opcode=8
[2017-03-09 13:46:06]	INFO	server close connection[1]. reason: client active close, code=1001, close_code = 1002
[2017-03-09 13:46:06]	INFO	WebSocket connection #2 is connected
[2017-03-09 13:46:06]	INFO	NewFrame finish. Opcode=1|Length=74
[2017-03-09 13:46:06]	INFO	[2] opcode=1
[2017-03-09 13:46:09]	INFO	NewFrame finish. Opcode=8|Length=2
[2017-03-09 13:46:09]	INFO	[2] opcode=8
[2017-03-09 13:46:09]	INFO	server close connection[2]. reason: client active close, code=1001, close_code = 1002
[2017-03-09 13:46:09]	INFO	WebSocket connection #3 is connected
[2017-03-09 13:46:09]	INFO	NewFrame finish. Opcode=1|Length=74
[2017-03-09 13:46:09]	INFO	[3] opcode=1
[2017-03-09 13:46:09]	INFO	NewFrame finish. Opcode=8|Length=2
[2017-03-09 13:46:09]	INFO	[3] opcode=8
[2017-03-09 13:46:09]	INFO	server close connection[3]. reason: client active close, code=1001, close_code = 1002
[2017-03-09 13:46:10]	INFO	WebSocket connection #4 is connected
[2017-03-09 13:46:10]	INFO	NewFrame finish. Opcode=1|Length=74
[2017-03-09 13:46:10]	INFO	[4] opcode=1
[2017-03-09 13:46:10]	INFO	NewFrame finish. Opcode=8|Length=2
[2017-03-09 13:46:10]	INFO	[4] opcode=8
[2017-03-09 13:46:10]	INFO	server close connection[4]. reason: client active close, code=1001, close_code = 1002
[2017-03-09 13:46:10]	INFO	WebSocket connection #5 is connected
[2017-03-09 13:46:10]	INFO	NewFrame finish. Opcode=1|Length=74
[2017-03-09 13:46:10]	INFO	[5] opcode=1
[2017-03-09 13:46:10]	INFO	server close connection[5]. reason: , close_code = 1000
[2017-03-09 13:46:10]	INFO	WebSocket connection #6 is connected
[2017-03-09 15:20:49]	INFO	SwooleFramework[#0]. running. on 0.0.0.0:80
[2017-03-09 15:20:50]	INFO	WebSocket connection #1 is connected
[2017-03-09 15:20:50]	INFO	NewFrame finish. Opcode=1|Length=65
[2017-03-09 15:20:50]	INFO	[1] opcode=1
[2017-03-09 15:20:52]	INFO	WebSocket connection #2 is connected
[2017-03-09 15:20:52]	INFO	NewFrame finish. Opcode=1|Length=65
[2017-03-09 15:20:52]	INFO	[2] opcode=1
[2017-03-09 15:21:00]	INFO	NewFrame finish. Opcode=8|Length=2
[2017-03-09 15:21:00]	INFO	[1] opcode=8
[2017-03-09 15:21:00]	INFO	server close connection[1]. reason: client active close, code=1001, close_code = 1002
[2017-03-09 15:23:20]	INFO	SwooleFramework[#0]. running. on 0.0.0.0:80
[2017-03-09 15:23:24]	INFO	WebSocket connection #1 is connected
[2017-03-09 15:23:24]	INFO	NewFrame finish. Opcode=1|Length=65
[2017-03-09 15:23:24]	INFO	[1] opcode=1
[2017-03-09 15:23:28]	INFO	WebSocket connection #2 is connected
[2017-03-09 15:23:28]	INFO	NewFrame finish. Opcode=1|Length=65
[2017-03-09 15:23:28]	INFO	[2] opcode=1
[2017-03-09 15:23:35]	INFO	NewFrame finish. Opcode=8|Length=2
[2017-03-09 15:23:35]	INFO	[2] opcode=8
[2017-03-09 15:23:35]	INFO	server close connection[2]. reason: client active close, code=1001, close_code = 1002
[2017-03-10 06:06:45]	INFO	SwooleFramework[#0]. running. on 0.0.0.0:80
[2017-03-10 06:06:51]	INFO	WebSocket connection #1 is connected
[2017-03-10 06:06:51]	INFO	NewFrame finish. Opcode=1|Length=65
[2017-03-10 06:06:51]	INFO	[1] opcode=1
[2017-03-10 06:06:51]	INFO	server close connection[1]. reason: , close_code = 1000
[2017-03-10 06:07:28]	INFO	WebSocket connection #2 is connected
[2017-03-10 06:07:28]	INFO	NewFrame finish. Opcode=1|Length=65
[2017-03-10 06:07:28]	INFO	[2] opcode=1
[2017-03-10 06:21:48]	INFO	NewFrame finish. Opcode=8|Length=2
[2017-03-10 06:21:48]	INFO	[2] opcode=8
[2017-03-10 06:21:48]	INFO	server close connection[2]. reason: client active close, code=1001, close_code = 1002
[2017-03-10 06:21:48]	INFO	WebSocket connection #3 is connected
[2017-03-10 06:21:48]	INFO	NewFrame finish. Opcode=1|Length=65
[2017-03-10 06:21:48]	INFO	[3] opcode=1
[2017-03-10 06:21:49]	INFO	NewFrame finish. Opcode=8|Length=2
[2017-03-10 06:21:49]	INFO	[3] opcode=8
[2017-03-10 06:21:49]	INFO	server close connection[3]. reason: client active close, code=1001, close_code = 1002
[2017-03-10 06:21:50]	INFO	WebSocket connection #4 is connected
[2017-03-10 06:21:50]	INFO	NewFrame finish. Opcode=1|Length=65
[2017-03-10 06:21:50]	INFO	[4] opcode=1
[2017-03-10 06:58:28]	INFO	SwooleFramework[#0]. running. on 0.0.0.0:80
[2017-03-10 06:58:50]	INFO	WebSocket connection #1 is connected
[2017-03-10 06:58:50]	INFO	NewFrame finish. Opcode=1|Length=65
[2017-03-10 06:58:50]	INFO	[1] opcode=1
[2017-03-10 06:59:06]	INFO	WebSocket connection #2 is connected
[2017-03-10 06:59:06]	INFO	NewFrame finish. Opcode=1|Length=65
[2017-03-10 06:59:06]	INFO	[2] opcode=1
[2017-03-10 07:10:00]	INFO	NewFrame finish. Opcode=8|Length=2
[2017-03-10 07:10:00]	INFO	[1] opcode=8
[2017-03-10 07:10:00]	INFO	server close connection[1]. reason: client active close, code=1001, close_code = 1002
[2017-03-10 07:15:01]	INFO	SwooleFramework[#0]. running. on 0.0.0.0:80
[2017-03-10 07:15:03]	INFO	WebSocket connection #1 is connected
[2017-03-10 07:15:03]	INFO	NewFrame finish. Opcode=1|Length=65
[2017-03-10 07:15:03]	INFO	[1] opcode=1
[2017-03-10 07:15:04]	INFO	NewFrame finish. Opcode=8|Length=2
[2017-03-10 07:15:04]	INFO	[1] opcode=8
[2017-03-10 07:15:04]	INFO	server close connection[1]. reason: client active close, code=1001, close_code = 1002
[2017-03-10 07:15:04]	INFO	WebSocket connection #2 is connected
[2017-03-10 07:15:04]	INFO	NewFrame finish. Opcode=1|Length=65
[2017-03-10 07:15:04]	INFO	[2] opcode=1
[2017-03-10 07:15:06]	INFO	NewFrame finish. Opcode=1|Length=79
[2017-03-10 07:15:06]	INFO	[2] opcode=1
[2017-03-10 07:15:06]	INFO	server close connection[]. reason: , close_code = 1000
[2017-03-10 07:16:05]	INFO	WebSocket connection #3 is connected
[2017-03-10 07:16:05]	INFO	NewFrame finish. Opcode=1|Length=65
[2017-03-10 07:16:05]	INFO	[3] opcode=1
[2017-03-10 07:16:14]	INFO	NewFrame finish. Opcode=1|Length=79
[2017-03-10 07:16:14]	INFO	[2] opcode=1
[2017-03-10 07:16:20]	INFO	NewFrame finish. Opcode=1|Length=79
[2017-03-10 07:16:20]	INFO	[3] opcode=1
[2017-03-10 07:16:41]	INFO	NewFrame finish. Opcode=1|Length=79
[2017-03-10 07:16:41]	INFO	[2] opcode=1
[2017-03-10 07:16:46]	INFO	NewFrame finish. Opcode=1|Length=79
[2017-03-10 07:16:46]	INFO	[3] opcode=1
[2017-03-10 07:22:04]	INFO	NewFrame finish. Opcode=1|Length=79
[2017-03-10 07:22:04]	INFO	[2] opcode=1
[2017-03-10 07:22:15]	INFO	NewFrame finish. Opcode=1|Length=79
[2017-03-10 07:22:15]	INFO	[2] opcode=1
[2017-03-10 07:22:24]	INFO	NewFrame finish. Opcode=1|Length=79
[2017-03-10 07:22:24]	INFO	[2] opcode=1
[2017-03-10 07:23:01]	INFO	NewFrame finish. Opcode=8|Length=2
[2017-03-10 07:23:01]	INFO	[2] opcode=8
[2017-03-10 07:23:01]	INFO	server close connection[2]. reason: client active close, code=1001, close_code = 1002
[2017-03-10 07:23:02]	INFO	WebSocket connection #4 is connected
[2017-03-10 07:23:02]	INFO	NewFrame finish. Opcode=1|Length=65
[2017-03-10 07:23:02]	INFO	[4] opcode=1
[2017-03-10 07:23:06]	INFO	NewFrame finish. Opcode=8|Length=2
[2017-03-10 07:23:06]	INFO	[3] opcode=8
[2017-03-10 07:23:06]	INFO	server close connection[3]. reason: client active close, code=1001, close_code = 1002
[2017-03-10 07:23:07]	INFO	WebSocket connection #5 is connected
[2017-03-10 07:23:07]	INFO	NewFrame finish. Opcode=1|Length=65
[2017-03-10 07:23:07]	INFO	[5] opcode=1
[2017-03-10 07:23:09]	INFO	NewFrame finish. Opcode=8|Length=2
[2017-03-10 07:23:09]	INFO	[5] opcode=8
[2017-03-10 07:23:09]	INFO	server close connection[5]. reason: client active close, code=1001, close_code = 1002
[2017-03-10 07:23:09]	INFO	WebSocket connection #6 is connected
[2017-03-10 07:23:09]	INFO	NewFrame finish. Opcode=1|Length=65
[2017-03-10 07:23:09]	INFO	[6] opcode=1
[2017-03-10 07:23:13]	INFO	NewFrame finish. Opcode=1|Length=85
[2017-03-10 07:23:13]	INFO	[4] opcode=1
[2017-03-10 07:23:29]	INFO	NewFrame finish. Opcode=1|Length=85
[2017-03-10 07:23:29]	INFO	[6] opcode=1
[2017-03-10 07:25:16]	INFO	NewFrame finish. Opcode=8|Length=2
[2017-03-10 07:25:16]	INFO	[6] opcode=8
[2017-03-10 07:25:16]	INFO	server close connection[6]. reason: client active close, code=1001, close_code = 1002
[2017-03-10 07:25:27]	INFO	NewFrame finish. Opcode=1|Length=86
[2017-03-10 07:25:27]	INFO	[4] opcode=1
[2017-03-10 07:25:27]	INFO	server close connection[]. reason: , close_code = 1000
[2017-03-10 07:33:31]	INFO	WebSocket connection #7 is connected
[2017-03-10 07:33:31]	INFO	NewFrame finish. Opcode=1|Length=65
[2017-03-10 07:34:07]	INFO	SwooleFramework[#0]. running. on 0.0.0.0:80
[2017-03-10 07:34:34]	INFO	WebSocket connection #1 is connected
[2017-03-10 07:34:34]	INFO	NewFrame finish. Opcode=1|Length=65
[2017-03-10 07:34:34]	INFO	[1] opcode=1
[2017-03-10 07:34:38]	INFO	WebSocket connection #2 is connected
[2017-03-10 07:34:38]	INFO	NewFrame finish. Opcode=1|Length=65
[2017-03-10 07:34:38]	INFO	[2] opcode=1
[2017-03-10 07:34:41]	INFO	NewFrame finish. Opcode=1|Length=87
[2017-03-10 07:34:41]	INFO	[2] opcode=1
[2017-03-10 07:34:51]	INFO	NewFrame finish. Opcode=1|Length=86
[2017-03-10 07:37:22]	INFO	SwooleFramework[#0]. running. on 0.0.0.0:80
[2017-03-10 07:37:30]	INFO	WebSocket connection #1 is connected
[2017-03-10 07:37:30]	INFO	NewFrame finish. Opcode=1|Length=65
[2017-03-10 07:37:30]	INFO	[1] opcode=1
[2017-03-10 07:37:33]	INFO	NewFrame finish. Opcode=1|Length=86
[2017-03-10 07:37:33]	INFO	[1] opcode=1
[2017-03-10 07:37:40]	INFO	WebSocket connection #2 is connected
[2017-03-10 07:37:40]	INFO	NewFrame finish. Opcode=1|Length=65
[2017-03-10 07:37:40]	INFO	[2] opcode=1
[2017-03-10 07:37:42]	INFO	NewFrame finish. Opcode=1|Length=82
[2017-03-10 07:37:42]	INFO	[2] opcode=1
[2017-03-10 07:37:46]	INFO	NewFrame finish. Opcode=1|Length=84
[2017-03-10 07:37:46]	INFO	[1] opcode=1
[2017-03-10 07:37:53]	INFO	NewFrame finish. Opcode=8|Length=2
[2017-03-10 07:37:53]	INFO	[1] opcode=8
[2017-03-10 07:37:53]	INFO	server close connection[1]. reason: client active close, code=1001, close_code = 1002
[2017-03-10 07:37:56]	INFO	NewFrame finish. Opcode=1|Length=84
[2017-03-10 07:37:56]	INFO	[2] opcode=1
[2017-03-10 08:17:44]	INFO	NewFrame finish. Opcode=1|Length=83
[2017-03-10 08:17:44]	INFO	[2] opcode=1
[2017-03-10 08:17:54]	INFO	WebSocket connection #3 is connected
[2017-03-10 08:17:54]	INFO	NewFrame finish. Opcode=1|Length=65
[2017-03-10 08:17:54]	INFO	[3] opcode=1
[2017-03-10 08:18:02]	INFO	NewFrame finish. Opcode=1|Length=87
[2017-03-10 08:18:02]	INFO	[3] opcode=1
[2017-03-10 08:18:05]	INFO	NewFrame finish. Opcode=1|Length=84
[2017-03-10 08:18:05]	INFO	[2] opcode=1
[2017-03-10 08:18:10]	INFO	NewFrame finish. Opcode=1|Length=84
[2017-03-10 08:18:10]	INFO	[2] opcode=1
[2017-03-10 08:18:18]	INFO	NewFrame finish. Opcode=1|Length=84
[2017-03-10 08:18:18]	INFO	[2] opcode=1
[2017-03-10 08:18:23]	INFO	NewFrame finish. Opcode=1|Length=84
[2017-03-10 08:18:23]	INFO	[2] opcode=1
[2017-03-10 08:18:32]	INFO	NewFrame finish. Opcode=1|Length=91
[2017-03-10 08:18:32]	INFO	[2] opcode=1
[2017-03-10 08:18:42]	INFO	NewFrame finish. Opcode=1|Length=93
[2017-03-10 08:18:42]	INFO	[2] opcode=1
[2017-03-10 08:18:47]	INFO	NewFrame finish. Opcode=1|Length=87
[2017-03-10 08:18:47]	INFO	[2] opcode=1
[2017-03-10 08:18:53]	INFO	NewFrame finish. Opcode=1|Length=94
[2017-03-10 08:18:53]	INFO	[2] opcode=1
[2017-03-10 08:19:40]	INFO	WebSocket connection #4 is connected
[2017-03-10 08:19:40]	INFO	NewFrame finish. Opcode=1|Length=65
[2017-03-10 08:19:40]	INFO	[4] opcode=1
[2017-03-10 08:19:40]	INFO	server close connection[4]. reason: , close_code = 1000
[2017-03-10 08:19:52]	INFO	NewFrame finish. Opcode=1|Length=93
[2017-03-10 08:19:52]	INFO	[2] opcode=1
[2017-03-10 08:26:21]	INFO	WebSocket connection #5 is connected
[2017-03-10 08:26:21]	INFO	WebSocket connection #6 is connected
[2017-03-10 08:26:30]	INFO	WebSocket connection #7 is connected
[2017-03-10 09:21:34]	INFO	SwooleFramework[#0]. running. on 0.0.0.0:80
[2017-03-10 09:21:34]	INFO	WebSocket connection #1 is connected
[2017-03-10 09:21:34]	INFO	WebSocket connection #2 is connected
[2017-03-10 09:21:37]	INFO	WebSocket connection #3 is connected
[2017-03-10 09:21:37]	INFO	WebSocket connection #4 is connected
[2017-03-10 09:21:38]	INFO	WebSocket connection #5 is connected
[2017-03-10 09:21:38]	INFO	WebSocket connection #6 is connected
[2017-03-10 09:21:55]	INFO	WebSocket connection #7 is connected
[2017-03-10 09:21:57]	INFO	WebSocket connection #8 is connected
[2017-03-10 09:21:58]	INFO	WebSocket connection #9 is connected
